[18:47:28] Step 1: 启动 insightsd (tree mode) port 7821
[18:47:30] daemon 启动成功
[18:47:30] Step 2: Topic + Example 发布
created topic: postgres-pool-exhaustion
published alice-pgpool-2026-04-10
published bob-pgpool-bad-2026-04-12
[18:47:33] Step 3: 读端验证
[18:47:33] === topics ===
{"topics": [{"id": "postgres-pool-exhaustion", "title": "PostgreSQL 连接池耗尽", "tags": ["postgres", "connection-pool", "latency"], "created_by": "alice", "created_at": "2026-04-10T08:00:00Z", "wiki_type": "database"}, {"id": "celery-retry-storm", "title": "Celery 重试风暴", "tags": ["celery", "retry", "queue"], "created_by": "alice", "created_at": "2026-04-10T09:00:00Z", "wiki_type": "queue"}, {"id": "redis-allkeys-lru-evicts-session", "title": "Redis LRU 淘汰导致会话丢失", "tags": ["redis", "lru", "session"], "created_by": "carol", "created_at": "2026-04-10T10:00:00Z", "wiki_type": "cache"}]}[18:47:34] === good examples ===
{"examples": [{"id": "alice-pgpool-2026-04-10", "title": "PostgreSQL pool exhaustion under burst traffic", "author": "alice", "confidence": 0.82, "tags": ["postgres", "connection-pool", "latency", "prod-incident"], "status": "active", "applies_when": ["postgres>=13", "pgbouncer transaction mode"], "do_not_apply_when": ["session pooling mode", "single-tenant DB"], "raw_log": "./raw/alice-pgpool-2026-04-10.jsonl", "topic_id": "postgres-pool-exhaustion", "label": "good", "label_note": "在 PgBouncer transaction mode 下彻底解决", "label_override": null, "label_override_by": null, "label_override_at": null, "raw_log_type": "jsonl", "wiki_type": "database", "item_slug": "postgres_pool", "context": "API tier behind PgBouncer, transaction pooling mode", "root_cause": "API tier behind PgBouncer, transaction pooling mode\n\nLong-lived idle txns held by a misbehaving worker", "symptom": "p99 latency spikes; 'remaining connection slots reserved'", "fix": "Set idle_in_transaction_session_timeout=30s and bump pool size to 2x worker count", "effective_label": "good"}]}[18:47:34] === bad examples ===
{"examples": [{"id": "bob-pgpool-bad-2026-04-12", "title": "盲目增大连接池反而拖垮系统", "author": "bob", "confidence": 0.5, "tags": ["postgres", "pgbouncer", "pool-size", "bad-practice"], "status": "active", "applies_when": [], "do_not_apply_when": [], "raw_log": "./raw/bob-pgpool-bad-2026-04-12.txt", "topic_id": "postgres-pool-exhaustion", "label": "bad", "label_note": "直接把 pool size ×5 在我们 32 核机器上反而拖垮 IO", "label_override": null, "label_override_by": null, "label_override_at": null, "raw_log_type": "export", "wiki_type": "general", "item_slug": "bob_pgpool_bad_2026_04_12", "context": "Bob 在排查 PostgreSQL 连接池耗尽问题时，看到活跃连接数接近 pool_size 上限，就直接把 pool_size 从 10 改成了 50。", "root_cause": "Bob 在排查 PostgreSQL 连接池耗尽问题时，看到活跃连接数接近 pool_size 上限，就直接把 pool_size 从 10 改成了 50。\n\nPgBouncer transaction mode 下，增大 pool_size 到 50 但机器只有 32 核，每个连接耗 CPU，连接越多上下文切换越频繁，反而拖垮 IO。", "symptom": "修改后系统反而更慢，事务延迟从 5ms 飙升到 200ms+，数据库 CPU 使用率从 30% 涨到 90%。", "fix": "保持 pool_size=10 不变，通过减少单查询耗时（加索引、优化慢查询）来降低并发连接需求。", "effective_label": "bad"}]}[18:47:35] Step 4: Relabel bob from bad to good
relabeled bob-pgpool-bad-2026-04-12 → effective_label=good
[18:47:36] === topic show after relabel ===
topic-show failed: HTTP Error 502: Bad Gateway
[18:47:38] Step 5: raw_log 文件验证
[18:47:38] === alice raw_log ===
[18:47:39] === bob raw_log ===
[18:47:39] === effective_label summary ===
[18:47:42] [green] topic walkthrough ok
[green] topic walkthrough ok
